[00:53:10] [main/WARN] (FabricLoader/Knot) Class path entries reference missing files: /Users/christian/Downloads/BingoSplash/1.21.5-fabric/build/resources/client - the game may not load properly!
[00:53:10] [main/INFO] (FabricLoader/GameProvider) Loading Minecraft 1.21.5 with Fabric Loader 0.16.14
[00:53:10] [main/INFO] (FabricLoader) Loading 58 mods:
	- bingosplash 1.0
	- elementa 710
	- fabric-api 0.128.1+1.21.5
	- fabric-api-base 0.4.62+73a52b4b49
	- fabric-api-lookup-api-v1 1.6.96+86c3a9f149
	- fabric-biome-api-v1 16.0.7+2dd063df49
	- fabric-block-api-v1 1.1.0+ed91556f49
	- fabric-block-view-api-v2 1.0.26+aa6d566c49
	- fabric-blockrenderlayer-v1 2.0.16+86c3a9f149
	- fabric-client-gametest-api-v1 4.2.0+dac2d6e349
	- fabric-client-tags-api-v1 1.1.37+86c3a9f149
	- fabric-command-api-v1 1.2.70+f71b366f49
	- fabric-command-api-v2 2.2.49+73a52b4b49
	- fabric-commands-v0 0.2.87+df3654b349
	- fabric-content-registries-v0 10.0.14+3e6c1f7d49
	- fabric-convention-tags-v1 2.1.33+7f945d5b49
	- fabric-convention-tags-v2 2.15.2+6d9989f349
	- fabric-crash-report-info-v1 0.3.12+86c3a9f149
	- fabric-data-attachment-api-v1 1.8.5+6d9989f349
	- fabric-data-generation-api-v1 22.5.2+a0fab30c49
	- fabric-dimensions-v1 4.0.17+3e6c1f7d49
	- fabric-entity-events-v1 2.1.0+3ce7866349
	- fabric-events-interaction-v0 4.0.15+64e3057949
	- fabric-game-rule-api-v1 1.0.70+c327076a49
	- fabric-gametest-api-v1 3.1.3+2a6ec84b49
	- fabric-item-api-v1 11.4.1+e46fd76a49
	- fabric-item-group-api-v1 4.2.9+3459fc6149
	- fabric-key-binding-api-v1 1.0.63+ecf51cdc49
	- fabric-keybindings-v0 0.2.61+df3654b349
	- fabric-lifecycle-events-v1 2.6.0+230071a049
	- fabric-loot-api-v2 3.0.48+3f89f5a549
	- fabric-loot-api-v3 1.0.36+86c3a9f149
	- fabric-message-api-v1 6.1.0+fe971bba49
	- fabric-model-loading-api-v1 5.2.3+5281b90749
	- fabric-networking-api-v1 4.5.0+775be32c49
	- fabric-object-builder-api-v1 21.1.2+b8d6ba7049
	- fabric-particles-v1 4.1.2+112e550e49
	- fabric-recipe-api-v1 8.1.8+3235ab3249
	- fabric-registry-sync-v0 6.1.22+cd64004349
	- fabric-renderer-api-v1 6.1.2+bdf4842249
	- fabric-renderer-indigo 3.1.2+5281b90749
	- fabric-rendering-data-attachment-v1 0.3.64+73761d2e49
	- fabric-rendering-fluids-v1 3.1.27+86c3a9f149
	- fabric-rendering-v1 11.3.0+a272b33849
	- fabric-resource-conditions-api-v1 5.0.21+73a52b4b49
	- fabric-resource-loader-v0 3.1.7+847e5f5c49
	- fabric-screen-api-v1 2.0.46+86c3a9f149
	- fabric-screen-handler-api-v1 1.3.129+c327076a49
	- fabric-sound-api-v1 1.0.38+86c3a9f149
	- fabric-tag-api-v1 1.0.17+ecf51cdc49
	- fabric-transfer-api-v1 5.4.24+7b20cbb049
	- fabric-transitive-access-wideners-v1 6.3.17+f17a180c49
	- fabricloader 0.16.14
	- java 21
	- minecraft 1.21.5
	- mixinextras 0.4.1
	- universalcraft 419
	- vigilance 306
[00:53:10] [main/INFO] (FabricLoader/Mixin) SpongePowered MIXIN Subsystem Version=0.8.7 Source=file:/Users/christian/.gradle/caches/modules-2/files-2.1/net.fabricmc/sponge-mixin/0.15.5+mixin.0.8.7/22f9eb729e216a091673a574a5906dc1b9027fb3/sponge-mixin-0.15.5+mixin.0.8.7.jar Service=Knot/Fabric Env=CLIENT
[00:53:10] [main/INFO] (FabricLoader/Mixin) Loaded Fabric development mappings for mixin remapper!
[00:53:10] [main/INFO] (FabricLoader/Mixin) Compatibility level set to JAVA_21
[00:53:11] [main/INFO] (FabricLoader/MixinExtras|Service) Initializing MixinExtras via com.llamalad7.mixinextras.service.MixinExtrasServiceImpl(version=0.4.1).
[00:53:12] [Datafixer Bootstrap/INFO] (Minecraft) 263 Datafixer optimizations took 794 milliseconds
[00:53:17] [Render thread/INFO] (Minecraft) Environment: Environment[sessionHost=https://sessionserver.mojang.com, servicesHost=https://api.minecraftservices.com, name=PROD]
[00:53:17] [Render thread/INFO] (Minecraft) Setting user: Player332
[00:53:17] [Render thread/INFO] (Indigo) [Indigo] Registering Indigo renderer!
[00:53:17] [Render thread/INFO] (Minecraft) Backend library: LWJGL version 3.3.3-snapshot
[00:53:18] [Render thread/INFO] (Minecraft) Using optional rendering extensions: 
[00:53:18] [Render thread/INFO] (Minecraft) Reloading ResourceManager: vanilla, fabric, fabric-api, fabric-api-base, fabric-api-lookup-api-v1, fabric-biome-api-v1, fabric-block-api-v1, fabric-block-view-api-v2, fabric-blockrenderlayer-v1, fabric-client-gametest-api-v1, fabric-client-tags-api-v1, fabric-command-api-v1, fabric-command-api-v2, fabric-commands-v0, fabric-content-registries-v0, fabric-convention-tags-v1, fabric-convention-tags-v2, fabric-crash-report-info-v1, fabric-data-attachment-api-v1, fabric-data-generation-api-v1, fabric-dimensions-v1, fabric-entity-events-v1, fabric-events-interaction-v0, fabric-game-rule-api-v1, fabric-gametest-api-v1, fabric-item-api-v1, fabric-item-group-api-v1, fabric-key-binding-api-v1, fabric-keybindings-v0, fabric-lifecycle-events-v1, fabric-loot-api-v2, fabric-loot-api-v3, fabric-message-api-v1, fabric-model-loading-api-v1, fabric-networking-api-v1, fabric-object-builder-api-v1, fabric-particles-v1, fabric-recipe-api-v1, fabric-registry-sync-v0, fabric-renderer-api-v1, fabric-renderer-indigo, fabric-rendering-data-attachment-v1, fabric-rendering-fluids-v1, fabric-rendering-v1, fabric-resource-conditions-api-v1, fabric-resource-loader-v0, fabric-screen-api-v1, fabric-screen-handler-api-v1, fabric-sound-api-v1, fabric-tag-api-v1, fabric-transfer-api-v1, fabric-transitive-access-wideners-v1, fabricloader
[00:53:18] [Worker-Main-3/INFO] (Minecraft) Found unifont_all_no_pua-16.0.01.hex, loading
[00:53:18] [pool-4-thread-1/INFO] (Minecraft) [STDOUT]: Attempting to connect to WebSocket...
[00:53:19] [Worker-Main-3/INFO] (Minecraft) Found unifont_jp_patch-16.0.01.hex, loading
[00:53:19] [Render thread/WARN] (Minecraft) Found unknown and unsupported uniform Sampler1 in minecraft:pipeline/armor_translucent
[00:53:19] [Render thread/WARN] (Minecraft) Found unknown and unsupported uniform Sampler1 in minecraft:pipeline/entity_no_outline
[00:53:19] [Render thread/WARN] (Minecraft) Found unknown and unsupported uniform Sampler1 in minecraft:pipeline/breeze_wind
[00:53:19] [Render thread/WARN] (Minecraft) Found unknown and unsupported uniform Sampler2 in minecraft:pipeline/energy_swirl
[00:53:19] [Render thread/WARN] (Minecraft) Found unknown and unsupported uniform Sampler1 in minecraft:pipeline/energy_swirl
[00:53:19] [Render thread/WARN] (Minecraft) Found unknown and unsupported uniform Sampler1 in minecraft:pipeline/armor_decal_cutout_no_cull
[00:53:19] [Render thread/WARN] (Minecraft) Found unknown and unsupported uniform Sampler2 in minecraft:pipeline/eyes
[00:53:19] [Render thread/WARN] (Minecraft) Found unknown and unsupported uniform Sampler1 in minecraft:pipeline/eyes
[00:53:19] [Render thread/WARN] (Minecraft) Found unknown and unsupported uniform Sampler1 in minecraft:pipeline/armor_cutout_no_cull
[00:53:19] [Render thread/INFO] (Minecraft) OpenAL initialized on device MacBook Pro Speakers
[00:53:19] [Render thread/INFO] (Minecraft) Sound engine started
[00:53:19] [Render thread/INFO] (Minecraft) Created: 1024x512x4 minecraft:textures/atlas/blocks.png-atlas
[00:53:19] [Render thread/INFO] (Minecraft) Created: 256x256x4 minecraft:textures/atlas/signs.png-atlas
[00:53:19] [Render thread/INFO] (Minecraft) Created: 512x512x4 minecraft:textures/atlas/shield_patterns.png-atlas
[00:53:19] [Render thread/INFO] (Minecraft) Created: 512x512x4 minecraft:textures/atlas/banner_patterns.png-atlas
[00:53:19] [Render thread/INFO] (Minecraft) Created: 2048x1024x4 minecraft:textures/atlas/armor_trims.png-atlas
[00:53:19] [Render thread/INFO] (Minecraft) Created: 256x256x4 minecraft:textures/atlas/chest.png-atlas
[00:53:19] [Render thread/INFO] (Minecraft) Created: 128x64x4 minecraft:textures/atlas/decorated_pot.png-atlas
[00:53:19] [Render thread/INFO] (Minecraft) Created: 512x256x4 minecraft:textures/atlas/shulker_boxes.png-atlas
[00:53:19] [Render thread/INFO] (Minecraft) Created: 512x256x4 minecraft:textures/atlas/beds.png-atlas
[00:53:19] [Render thread/INFO] (Minecraft) Created: 64x64x0 minecraft:textures/atlas/map_decorations.png-atlas
[00:53:19] [Render thread/INFO] (Minecraft) Created: 512x256x0 minecraft:textures/atlas/particles.png-atlas
[00:53:19] [Render thread/INFO] (Minecraft) Created: 512x256x0 minecraft:textures/atlas/paintings.png-atlas
[00:53:19] [Render thread/INFO] (Minecraft) Created: 256x128x0 minecraft:textures/atlas/mob_effects.png-atlas
[00:53:19] [Render thread/INFO] (Minecraft) Created: 1024x512x0 minecraft:textures/atlas/gui.png-atlas
[00:53:22] [Download-1/WARN] (Minecraft) Couldn't look up profile properties for d0f5fb0c-30f8-3708-84d1-e619aef4d8f4
com.mojang.authlib.exceptions.MinecraftClientException: Failed to read from https://sessionserver.mojang.com/session/minecraft/profile/d0f5fb0c30f8370884d1e619aef4d8f4?unsigned=false due to Connect timed out
	at knot/com.mojang.authlib.minecraft.client.MinecraftClient.readInputStream(MinecraftClient.java:111) ~[authlib-6.0.58.jar:?]
	at knot/com.mojang.authlib.minecraft.client.MinecraftClient.get(MinecraftClient.java:56) ~[authlib-6.0.58.jar:?]
	at knot/com.mojang.authlib.yggdrasil.YggdrasilMinecraftSessionService.fetchProfileUncached(YggdrasilMinecraftSessionService.java:201) ~[authlib-6.0.58.jar:?]
	at knot/com.mojang.authlib.yggdrasil.YggdrasilMinecraftSessionService.fetchProfile(YggdrasilMinecraftSessionService.java:171) ~[authlib-6.0.58.jar:?]
	at knot/net.minecraft.client.MinecraftClient.method_53464(MinecraftClient.java:450) ~[minecraft-clientOnly-736b6061eb-1.21.5-net.fabricmc.yarn.1_21_5.1.21.5+build.1-v2.jar:?]
	at java.base/java.util.concurrent.CompletableFuture$AsyncSupply.run(CompletableFuture.java:1768) ~[?:?]
	at java.base/java.util.concurrent.ThreadPoolExecutor.runWorker(ThreadPoolExecutor.java:1144) ~[?:?]
	at java.base/java.util.concurrent.ThreadPoolExecutor$Worker.run(ThreadPoolExecutor.java:642) ~[?:?]
	at java.base/java.lang.Thread.run(Thread.java:1583) [?:?]
Caused by: java.net.SocketTimeoutException: Connect timed out
	at java.base/sun.nio.ch.NioSocketImpl.timedFinishConnect(NioSocketImpl.java:546) ~[?:?]
	at java.base/sun.nio.ch.NioSocketImpl.connect(NioSocketImpl.java:592) ~[?:?]
	at java.base/java.net.SocksSocketImpl.connect(SocksSocketImpl.java:327) ~[?:?]
	at java.base/java.net.Socket.connect(Socket.java:751) ~[?:?]
	at java.base/sun.security.ssl.SSLSocketImpl.connect(SSLSocketImpl.java:304) ~[?:?]
	at java.base/sun.net.NetworkClient.doConnect(NetworkClient.java:178) ~[?:?]
	at java.base/sun.net.www.http.HttpClient.openServer(HttpClient.java:531) ~[?:?]
	at java.base/sun.net.www.http.HttpClient.openServer(HttpClient.java:636) ~[?:?]
	at java.base/sun.net.www.protocol.https.HttpsClient.<init>(HttpsClient.java:264) ~[?:?]
	at java.base/sun.net.www.protocol.https.HttpsClient.New(HttpsClient.java:377) ~[?:?]
	at java.base/sun.net.www.protocol.https.AbstractDelegateHttpsURLConnection.getNewHttpClient(AbstractDelegateHttpsURLConnection.java:193) ~[?:?]
	at java.base/sun.net.www.protocol.http.HttpURLConnection.plainConnect0(HttpURLConnection.java:1282) ~[?:?]
	at java.base/sun.net.www.protocol.http.HttpURLConnection.plainConnect(HttpURLConnection.java:1123) ~[?:?]
	at java.base/sun.net.www.protocol.https.AbstractDelegateHttpsURLConnection.connect(AbstractDelegateHttpsURLConnection.java:179) ~[?:?]
	at java.base/sun.net.www.protocol.http.HttpURLConnection.getInputStream0(HttpURLConnection.java:1675) ~[?:?]
	at java.base/sun.net.www.protocol.http.HttpURLConnection.getInputStream(HttpURLConnection.java:1599) ~[?:?]
	at java.base/java.net.HttpURLConnection.getResponseCode(HttpURLConnection.java:531) ~[?:?]
	at java.base/sun.net.www.protocol.https.HttpsURLConnectionImpl.getResponseCode(HttpsURLConnectionImpl.java:307) ~[?:?]
	at knot/com.mojang.authlib.minecraft.client.MinecraftClient.readInputStream(MinecraftClient.java:82) ~[authlib-6.0.58.jar:?]
	... 8 more
[00:53:22] [Yggdrasil Key Fetcher/ERROR] (Minecraft) Failed to request yggdrasil public key
com.mojang.authlib.exceptions.MinecraftClientException: Failed to read from https://api.minecraftservices.com/publickeys due to Connect timed out
	at knot/com.mojang.authlib.minecraft.client.MinecraftClient.readInputStream(MinecraftClient.java:111) ~[authlib-6.0.58.jar:?]
	at knot/com.mojang.authlib.minecraft.client.MinecraftClient.get(MinecraftClient.java:56) ~[authlib-6.0.58.jar:?]
	at knot/com.mojang.authlib.yggdrasil.YggdrasilServicesKeyInfo.fetch(YggdrasilServicesKeyInfo.java:114) ~[authlib-6.0.58.jar:?]
	at knot/com.mojang.authlib.yggdrasil.YggdrasilServicesKeyInfo$1.run(YggdrasilServicesKeyInfo.java:89) ~[authlib-6.0.58.jar:?]
	at java.base/java.util.concurrent.Executors$RunnableAdapter.call(Executors.java:572) ~[?:?]
	at java.base/java.util.concurrent.FutureTask.run(FutureTask.java:317) ~[?:?]
	at java.base/java.util.concurrent.ScheduledThreadPoolExecutor$ScheduledFutureTask.run(ScheduledThreadPoolExecutor.java:304) ~[?:?]
	at java.base/java.util.concurrent.ThreadPoolExecutor.runWorker(ThreadPoolExecutor.java:1144) ~[?:?]
	at java.base/java.util.concurrent.ThreadPoolExecutor$Worker.run(ThreadPoolExecutor.java:642) ~[?:?]
	at java.base/java.lang.Thread.run(Thread.java:1583) [?:?]
Caused by: java.net.SocketTimeoutException: Connect timed out
	at java.base/sun.nio.ch.NioSocketImpl.timedFinishConnect(NioSocketImpl.java:546) ~[?:?]
	at java.base/sun.nio.ch.NioSocketImpl.connect(NioSocketImpl.java:592) ~[?:?]
	at java.base/java.net.SocksSocketImpl.connect(SocksSocketImpl.java:327) ~[?:?]
	at java.base/java.net.Socket.connect(Socket.java:751) ~[?:?]
	at java.base/sun.security.ssl.SSLSocketImpl.connect(SSLSocketImpl.java:304) ~[?:?]
	at java.base/sun.net.NetworkClient.doConnect(NetworkClient.java:178) ~[?:?]
	at java.base/sun.net.www.http.HttpClient.openServer(HttpClient.java:531) ~[?:?]
	at java.base/sun.net.www.http.HttpClient.openServer(HttpClient.java:636) ~[?:?]
	at java.base/sun.net.www.protocol.https.HttpsClient.<init>(HttpsClient.java:264) ~[?:?]
	at java.base/sun.net.www.protocol.https.HttpsClient.New(HttpsClient.java:377) ~[?:?]
	at java.base/sun.net.www.protocol.https.AbstractDelegateHttpsURLConnection.getNewHttpClient(AbstractDelegateHttpsURLConnection.java:193) ~[?:?]
	at java.base/sun.net.www.protocol.http.HttpURLConnection.plainConnect0(HttpURLConnection.java:1282) ~[?:?]
	at java.base/sun.net.www.protocol.http.HttpURLConnection.plainConnect(HttpURLConnection.java:1123) ~[?:?]
	at java.base/sun.net.www.protocol.https.AbstractDelegateHttpsURLConnection.connect(AbstractDelegateHttpsURLConnection.java:179) ~[?:?]
	at java.base/sun.net.www.protocol.http.HttpURLConnection.getInputStream0(HttpURLConnection.java:1675) ~[?:?]
	at java.base/sun.net.www.protocol.http.HttpURLConnection.getInputStream(HttpURLConnection.java:1599) ~[?:?]
	at java.base/java.net.HttpURLConnection.getResponseCode(HttpURLConnection.java:531) ~[?:?]
	at java.base/sun.net.www.protocol.https.HttpsURLConnectionImpl.getResponseCode(HttpsURLConnectionImpl.java:307) ~[?:?]
	at knot/com.mojang.authlib.minecraft.client.MinecraftClient.readInputStream(MinecraftClient.java:82) ~[authlib-6.0.58.jar:?]
	... 9 more
[00:53:23] [Download-2/ERROR] (Minecraft) Failed to fetch Realms feature flags
net.minecraft.client.realms.exception.RealmsServiceException: Realms service error (500) with message 'Could not connect to Realms: Connect timed out'
	at knot/net.minecraft.client.realms.RealmsClient.execute(RealmsClient.java:504) ~[minecraft-clientOnly-736b6061eb-1.21.5-net.fabricmc.yarn.1_21_5.1.21.5+build.1-v2.jar:?]
	at knot/net.minecraft.client.realms.RealmsClient.fetchFeatureFlags(RealmsClient.java:177) ~[minecraft-clientOnly-736b6061eb-1.21.5-net.fabricmc.yarn.1_21_5.1.21.5+build.1-v2.jar:?]
	at java.base/java.util.concurrent.CompletableFuture$AsyncSupply.run(CompletableFuture.java:1768) ~[?:?]
	at java.base/java.util.concurrent.ThreadPoolExecutor.runWorker(ThreadPoolExecutor.java:1144) ~[?:?]
	at java.base/java.util.concurrent.ThreadPoolExecutor$Worker.run(ThreadPoolExecutor.java:642) ~[?:?]
	at java.base/java.lang.Thread.run(Thread.java:1583) [?:?]
[00:53:27] [Render thread/INFO] (Minecraft) Loaded 1373 recipes
[00:53:27] [Render thread/INFO] (Minecraft) Loaded 1484 advancements
[00:53:27] [Render thread/INFO] (BiomeModificationImpl) Applied 0 biome modifications to 0 of 65 new biomes in 603.1 μs
[00:53:27] [Server thread/INFO] (Minecraft) Starting integrated minecraft server version 1.21.5
[00:53:27] [Server thread/INFO] (Minecraft) Generating keypair
[00:53:28] [Server thread/INFO] (Minecraft) Preparing start region for dimension minecraft:overworld
[00:53:28] [Render thread/INFO] (Minecraft) Preparing spawn area: 0%
[00:53:28] [Render thread/INFO] (Minecraft) Preparing spawn area: 0%
[00:53:28] [Render thread/INFO] (Minecraft) Time elapsed: 815 ms
[00:53:29] [Server thread/INFO] (Minecraft) Changing view distance to 12, from 10
[00:53:29] [Server thread/INFO] (Minecraft) Changing simulation distance to 12, from 0
[00:53:29] [Server thread/INFO] (Minecraft) Player332[local:E:f473f806] logged in with entity id 55 at (108.30000001192093, 68.0, 41.675877685064634)
[00:53:29] [Server thread/INFO] (Minecraft) Player332 joined the game
[00:53:29] [Render thread/WARN] (Minecraft) Ignoring chat session from Player332 due to missing Services public key
[00:53:29] [Render thread/INFO] (Minecraft) Loaded 2 advancements
[00:53:31] [Server thread/INFO] (Minecraft) Saving and pausing game...
[00:53:31] [Server thread/INFO] (Minecraft) Saving chunks for level 'ServerLevel[New World]'/minecraft:overworld
[00:53:31] [Server thread/INFO] (Minecraft) Saving chunks for level 'ServerLevel[New World]'/minecraft:the_end
[00:53:31] [Server thread/INFO] (Minecraft) Saving chunks for level 'ServerLevel[New World]'/minecraft:the_nether
[00:53:33] [Server thread/INFO] (Minecraft) Saving and pausing game...
[00:53:33] [Server thread/INFO] (Minecraft) Saving chunks for level 'ServerLevel[New World]'/minecraft:overworld
[00:53:33] [Server thread/INFO] (Minecraft) Saving chunks for level 'ServerLevel[New World]'/minecraft:the_end
[00:53:33] [Server thread/INFO] (Minecraft) Saving chunks for level 'ServerLevel[New World]'/minecraft:the_nether
[00:53:33] [WebSocketConnectReadThread-63/INFO] (Minecraft) [STDERR]: WebSocket error:
[00:53:33] [WebSocketConnectReadThread-63/INFO] (Minecraft) [STDERR]: java.net.ConnectException: Operation timed out
[00:53:33] [WebSocketConnectReadThread-63/INFO] (Minecraft) [STDERR]: 	at java.base/sun.nio.ch.Net.connect0(Native Method)
[00:53:33] [WebSocketConnectReadThread-63/INFO] (Minecraft) [STDERR]: 	at java.base/sun.nio.ch.Net.connect(Net.java:589)
[00:53:33] [WebSocketConnectReadThread-63/INFO] (Minecraft) [STDERR]: 	at java.base/sun.nio.ch.Net.connect(Net.java:578)
[00:53:33] [WebSocketConnectReadThread-63/INFO] (Minecraft) [STDERR]: 	at java.base/sun.nio.ch.NioSocketImpl.connect(NioSocketImpl.java:583)
[00:53:33] [WebSocketConnectReadThread-63/INFO] (Minecraft) [STDERR]: 	at java.base/java.net.SocksSocketImpl.connect(SocksSocketImpl.java:327)
[00:53:33] [WebSocketConnectReadThread-63/INFO] (Minecraft) [STDERR]: 	at java.base/java.net.Socket.connect(Socket.java:751)
[00:53:33] [WebSocketConnectReadThread-63/INFO] (Minecraft) [STDERR]: 	at java.base/sun.security.ssl.SSLSocketImpl.connect(SSLSocketImpl.java:304)
[00:53:33] [WebSocketConnectReadThread-63/INFO] (Minecraft) [STDERR]: 	at knot//org.java_websocket.client.WebSocketClient.run(WebSocketClient.java:473)
[00:53:33] [WebSocketConnectReadThread-63/INFO] (Minecraft) [STDERR]: 	at java.base/java.lang.Thread.run(Thread.java:1583)
[00:53:33] [WebSocketConnectReadThread-63/INFO] (Minecraft) [STDOUT]: WebSocket closed: Operation timed out
[00:53:34] [Server thread/INFO] (Minecraft) Player332 lost connection: Disconnected
[00:53:34] [Server thread/INFO] (Minecraft) Player332 left the game
[00:53:34] [Server thread/INFO] (Minecraft) Stopping singleplayer server as player logged out
[00:53:34] [Server thread/INFO] (Minecraft) Stopping server
[00:53:34] [Server thread/INFO] (Minecraft) Saving players
[00:53:34] [Server thread/INFO] (Minecraft) Saving worlds
[00:53:34] [Server thread/INFO] (Minecraft) Saving chunks for level 'ServerLevel[New World]'/minecraft:overworld
[00:53:34] [Server thread/INFO] (Minecraft) Saving chunks for level 'ServerLevel[New World]'/minecraft:the_end
[00:53:34] [Server thread/INFO] (Minecraft) Saving chunks for level 'ServerLevel[New World]'/minecraft:the_nether
[00:53:34] [Server thread/INFO] (Minecraft) ThreadedAnvilChunkStorage (New World): All chunks are saved
[00:53:34] [Server thread/INFO] (Minecraft) ThreadedAnvilChunkStorage (DIM1): All chunks are saved
[00:53:34] [Server thread/INFO] (Minecraft) ThreadedAnvilChunkStorage (DIM-1): All chunks are saved
[00:53:34] [Server thread/INFO] (Minecraft) ThreadedAnvilChunkStorage: All dimensions are saved
[00:53:35] [Render thread/INFO] (Minecraft) Stopping!
[00:53:35] [Render thread/INFO] (Minecraft) [STDOUT]: BingoSplash is stopping!
